This file contains any messages produced by compilers while
running configure, to aid debugging if configure makes a mistake.

It was created by all_distance_sketch configure 0.1, which was
generated by GNU Autoconf 2.69.  Invocation command line was

  $ ./configure --prefix /work/eng/eliavb/install/

## --------- ##
## Platform. ##
## --------- ##

hostname = rd08.it.qwilt.com
uname -m = x86_64
uname -r = 3.10.0-229.14.1.el7.x86_64
uname -s = Linux
uname -v = #1 SMP Tue Sep 15 15:05:51 UTC 2015

/usr/bin/uname -p = x86_64
/bin/uname -X     = unknown

/bin/arch              = x86_64
/usr/bin/arch -k       = unknown
/usr/convex/getsysinfo = unknown
/usr/bin/hostinfo      = unknown
/bin/machine           = unknown
/usr/bin/oslevel       = unknown
/bin/universe          = unknown

PATH: /cs/common/csadm/bin
PATH: /eng/dt/dtadm/bin
PATH: /eng/dev/devadm/bin
PATH: /op/common/opadm/bin
PATH: /rsch/common/rschadm/bin
PATH: /it/env/bin
PATH: /usr/lib64/qt-3.3/bin
PATH: /usr/local/bin
PATH: /usr/bin
PATH: /usr/local/sbin
PATH: /usr/sbin
PATH: /users/eng/eliavb/bin


## ----------- ##
## Core tests. ##
## ----------- ##

configure:2136: loading site script /work/eng/eliavb/install/share/config.site
| CPPFLAGS="${CPPFLAGS} -I/work/eng/eliavb/include/gtest-1.7.0/include/ -I/work/eng/eliavb/include/Snap-2.3/snap-adv/ -I/work/eng/eliavb/include/Snap-2.3/snap-core/ -I/work/eng/eliavb/include/Snap-2.3/snap-exp/ -I/work/eng/eliavb/include/Snap-2.3/glib-core/ -I/work/eng/eliavb/protobuf_install/include/" 
| LIBS="${LIBS} /work/eng/eliavb/include/Snap-2.3/snap-core/Snap.o /work/eng/eliavb/bin/libgtest.a -lpthread"
| LDFLAGS="${LDFLAGS} -L/work/eng/eliavb/protobuf_install/lib"
| PROTOC="${PROTOC} /work/eng/eliavb/protobuf_install/bin/protoc"
| PKG_CONFIG_PATH="/work/eng/eliavb/protobuf_install/lib/pkgconfig/"configure:2277: checking for a BSD-compatible install
configure:2345: result: /usr/bin/install -c
configure:2356: checking whether build environment is sane
configure:2411: result: yes
configure:2562: checking for a thread-safe mkdir -p
configure:2601: result: /usr/bin/mkdir -p
configure:2608: checking for gawk
configure:2624: found /usr/bin/gawk
configure:2635: result: gawk
configure:2646: checking whether make sets $(MAKE)
configure:2668: result: yes
configure:2697: checking whether make supports nested variables
configure:2714: result: yes
configure:2946: checking that generated files are newer than configure
configure:2952: result: done
configure:2960: creating ./config.status

## ---------------------- ##
## Running config.status. ##
## ---------------------- ##

This file was extended by all_distance_sketch config.status 0.1, which was
generated by GNU Autoconf 2.69.  Invocation command line was

  CONFIG_FILES    = 
  CONFIG_HEADERS  = 
  CONFIG_LINKS    = 
  CONFIG_COMMANDS = 
  $ ./config.status 

on rd08.it.qwilt.com

config.status:777: creating Makefile
config.status:777: creating src/Makefile
configure:4047: checking for g++
configure:4063: found /usr/bin/g++
configure:4074: result: g++
configure:4101: checking for C++ compiler version
configure:4110: g++ --version >&5
g++ (GCC) 4.8.3 20140911 (Red Hat 4.8.3-9)
Copyright (C) 2013 Free Software Foundation, Inc.
This is free software; see the source for copying conditions.  There is NO
warranty; not even for MERCHANTABILITY or FITNESS FOR A PARTICULAR PURPOSE.

configure:4121: $? = 0
configure:4110: g++ -v >&5
Using built-in specs.
COLLECT_GCC=g++
COLLECT_LTO_WRAPPER=/usr/libexec/gcc/x86_64-redhat-linux/4.8.3/lto-wrapper
Target: x86_64-redhat-linux
Configured with: ../configure --prefix=/usr --mandir=/usr/share/man --infodir=/usr/share/info --with-bugurl=http://bugzilla.redhat.com/bugzilla --enable-bootstrap --enable-shared --enable-threads=posix --enable-checking=release --with-system-zlib --enable-__cxa_atexit --disable-libunwind-exceptions --enable-gnu-unique-object --enable-linker-build-id --with-linker-hash-style=gnu --enable-languages=c,c++,objc,obj-c++,java,fortran,ada,go,lto --enable-plugin --enable-initfini-array --disable-libgcj --with-isl=/builddir/build/BUILD/gcc-4.8.3-20140911/obj-x86_64-redhat-linux/isl-install --with-cloog=/builddir/build/BUILD/gcc-4.8.3-20140911/obj-x86_64-redhat-linux/cloog-install --enable-gnu-indirect-function --with-tune=generic --with-arch_32=x86-64 --build=x86_64-redhat-linux
Thread model: posix
gcc version 4.8.3 20140911 (Red Hat 4.8.3-9) (GCC) 
configure:4121: $? = 0
configure:4110: g++ -V >&5
g++: error: unrecognized command line option '-V'
g++: fatal error: no input files
compilation terminated.
configure:4121: $? = 4
configure:4110: g++ -qversion >&5
g++: error: unrecognized command line option '-qversion'
g++: fatal error: no input files
compilation terminated.
configure:4121: $? = 4
configure:4141: checking whether the C++ compiler works
configure:4163: g++   -I/work/eng/eliavb/include/gtest-1.7.0/include/ -I/work/eng/eliavb/include/Snap-2.3/snap-adv/ -I/work/eng/eliavb/include/Snap-2.3/snap-core/ -I/work/eng/eliavb/include/Snap-2.3/snap-exp/ -I/work/eng/eliavb/include/Snap-2.3/glib-core/ -I/work/eng/eliavb/protobuf_install/include/  -L/work/eng/eliavb/protobuf_install/lib conftest.cpp  /work/eng/eliavb/include/Snap-2.3/snap-core/Snap.o /work/eng/eliavb/bin/libgtest.a -lpthread >&5
configure:4167: $? = 0
configure:4215: result: yes
configure:4218: checking for C++ compiler default output file name
configure:4220: result: a.out
configure:4226: checking for suffix of executables
configure:4233: g++ -o conftest   -I/work/eng/eliavb/include/gtest-1.7.0/include/ -I/work/eng/eliavb/include/Snap-2.3/snap-adv/ -I/work/eng/eliavb/include/Snap-2.3/snap-core/ -I/work/eng/eliavb/include/Snap-2.3/snap-exp/ -I/work/eng/eliavb/include/Snap-2.3/glib-core/ -I/work/eng/eliavb/protobuf_install/include/  -L/work/eng/eliavb/protobuf_install/lib conftest.cpp  /work/eng/eliavb/include/Snap-2.3/snap-core/Snap.o /work/eng/eliavb/bin/libgtest.a -lpthread >&5
configure:4237: $? = 0
configure:4259: result: 
configure:4281: checking whether we are cross compiling
configure:4289: g++ -o conftest   -I/work/eng/eliavb/include/gtest-1.7.0/include/ -I/work/eng/eliavb/include/Snap-2.3/snap-adv/ -I/work/eng/eliavb/include/Snap-2.3/snap-core/ -I/work/eng/eliavb/include/Snap-2.3/snap-exp/ -I/work/eng/eliavb/include/Snap-2.3/glib-core/ -I/work/eng/eliavb/protobuf_install/include/  -L/work/eng/eliavb/protobuf_install/lib conftest.cpp  /work/eng/eliavb/include/Snap-2.3/snap-core/Snap.o /work/eng/eliavb/bin/libgtest.a -lpthread >&5
configure:4293: $? = 0
configure:4300: ./conftest
configure:4304: $? = 0
configure:4319: result: no
configure:4324: checking for suffix of object files
configure:4346: g++ -c   -I/work/eng/eliavb/include/gtest-1.7.0/include/ -I/work/eng/eliavb/include/Snap-2.3/snap-adv/ -I/work/eng/eliavb/include/Snap-2.3/snap-core/ -I/work/eng/eliavb/include/Snap-2.3/snap-exp/ -I/work/eng/eliavb/include/Snap-2.3/glib-core/ -I/work/eng/eliavb/protobuf_install/include/ conftest.cpp >&5
configure:4350: $? = 0
configure:4371: result: o
configure:4375: checking whether we are using the GNU C++ compiler
configure:4394: g++ -c   -I/work/eng/eliavb/include/gtest-1.7.0/include/ -I/work/eng/eliavb/include/Snap-2.3/snap-adv/ -I/work/eng/eliavb/include/Snap-2.3/snap-core/ -I/work/eng/eliavb/include/Snap-2.3/snap-exp/ -I/work/eng/eliavb/include/Snap-2.3/glib-core/ -I/work/eng/eliavb/protobuf_install/include/ conftest.cpp >&5
configure:4394: $? = 0
configure:4403: result: yes
configure:4412: checking whether g++ accepts -g
configure:4432: g++ -c -g  -I/work/eng/eliavb/include/gtest-1.7.0/include/ -I/work/eng/eliavb/include/Snap-2.3/snap-adv/ -I/work/eng/eliavb/include/Snap-2.3/snap-core/ -I/work/eng/eliavb/include/Snap-2.3/snap-exp/ -I/work/eng/eliavb/include/Snap-2.3/glib-core/ -I/work/eng/eliavb/protobuf_install/include/ conftest.cpp >&5
configure:4432: $? = 0
configure:4473: result: yes
configure:4507: checking for style of include used by make
configure:4535: result: GNU
configure:4561: checking dependency style of g++
configure:4672: result: gcc3
configure:4695: checking whether g++ supports C++11 features by default
configure:4989: g++ -c -g -O2  -I/work/eng/eliavb/include/gtest-1.7.0/include/ -I/work/eng/eliavb/include/Snap-2.3/snap-adv/ -I/work/eng/eliavb/include/Snap-2.3/snap-core/ -I/work/eng/eliavb/include/Snap-2.3/snap-exp/ -I/work/eng/eliavb/include/Snap-2.3/glib-core/ -I/work/eng/eliavb/protobuf_install/include/ conftest.cpp >&5
conftest.cpp:22:2: error: #error "This is not a C++11 compiler"
 #error "This is not a C++11 compiler"
  ^
configure:4989: $? = 1
configure: failed program was:
| /* confdefs.h */
| #define PACKAGE_NAME "all_distance_sketch"
| #define PACKAGE_TARNAME "all_distance_sketch"
| #define PACKAGE_VERSION "0.1"
| #define PACKAGE_STRING "all_distance_sketch 0.1"
| #define PACKAGE_BUGREPORT "eliavbuh@gmail.com"
| #define PACKAGE_URL ""
| #define PACKAGE "all_distance_sketch"
| #define VERSION "0.1"
| /* end confdefs.h.  */
| 
| 
| // If the compiler admits that it is not ready for C++11, why torture it?
| // Hopefully, this will speed up the test.
| 
| #ifndef __cplusplus
| 
| #error "This is not a C++ compiler"
| 
| #elif __cplusplus < 201103L
| 
| #error "This is not a C++11 compiler"
| 
| #else
| 
| namespace cxx11
| {
| 
|   namespace test_static_assert
|   {
| 
|     template <typename T>
|     struct check
|     {
|       static_assert(sizeof(int) <= sizeof(T), "not big enough");
|     };
| 
|   }
| 
|   namespace test_final_override
|   {
| 
|     struct Base
|     {
|       virtual void f() {}
|     };
| 
|     struct Derived : public Base
|     {
|       virtual void f() override {}
|     };
| 
|   }
| 
|   namespace test_double_right_angle_brackets
|   {
| 
|     template < typename T >
|     struct check {};
| 
|     typedef check<void> single_type;
|     typedef check<check<void>> double_type;
|     typedef check<check<check<void>>> triple_type;
|     typedef check<check<check<check<void>>>> quadruple_type;
| 
|   }
| 
|   namespace test_decltype
|   {
| 
|     int
|     f()
|     {
|       int a = 1;
|       decltype(a) b = 2;
|       return a + b;
|     }
| 
|   }
| 
|   namespace test_type_deduction
|   {
| 
|     template < typename T1, typename T2 >
|     struct is_same
|     {
|       static const bool value = false;
|     };
| 
|     template < typename T >
|     struct is_same<T, T>
|     {
|       static const bool value = true;
|     };
| 
|     template < typename T1, typename T2 >
|     auto
|     add(T1 a1, T2 a2) -> decltype(a1 + a2)
|     {
|       return a1 + a2;
|     }
| 
|     int
|     test(const int c, volatile int v)
|     {
|       static_assert(is_same<int, decltype(0)>::value == true, "");
|       static_assert(is_same<int, decltype(c)>::value == false, "");
|       static_assert(is_same<int, decltype(v)>::value == false, "");
|       auto ac = c;
|       auto av = v;
|       auto sumi = ac + av + 'x';
|       auto sumf = ac + av + 1.0;
|       static_assert(is_same<int, decltype(ac)>::value == true, "");
|       static_assert(is_same<int, decltype(av)>::value == true, "");
|       static_assert(is_same<int, decltype(sumi)>::value == true, "");
|       static_assert(is_same<int, decltype(sumf)>::value == false, "");
|       static_assert(is_same<int, decltype(add(c, v))>::value == true, "");
|       return (sumf > 0.0) ? sumi : add(c, v);
|     }
| 
|   }
| 
|   namespace test_noexcept
|   {
| 
|     int f() { return 0; }
|     int g() noexcept { return 0; }
| 
|     static_assert(noexcept(f()) == false, "");
|     static_assert(noexcept(g()) == true, "");
| 
|   }
| 
|   namespace test_constexpr
|   {
| 
|     template < typename CharT >
|     unsigned long constexpr
|     strlen_c_r(const CharT *const s, const unsigned long acc) noexcept
|     {
|       return *s ? strlen_c_r(s + 1, acc + 1) : acc;
|     }
| 
|     template < typename CharT >
|     unsigned long constexpr
|     strlen_c(const CharT *const s) noexcept
|     {
|       return strlen_c_r(s, 0UL);
|     }
| 
|     static_assert(strlen_c("") == 0UL, "");
|     static_assert(strlen_c("1") == 1UL, "");
|     static_assert(strlen_c("example") == 7UL, "");
|     static_assert(strlen_c("another\0example") == 7UL, "");
| 
|   }
| 
|   namespace test_rvalue_references
|   {
| 
|     template < int N >
|     struct answer
|     {
|       static constexpr int value = N;
|     };
| 
|     answer<1> f(int&)       { return answer<1>(); }
|     answer<2> f(const int&) { return answer<2>(); }
|     answer<3> f(int&&)      { return answer<3>(); }
| 
|     void
|     test()
|     {
|       int i = 0;
|       const int c = 0;
|       static_assert(decltype(f(i))::value == 1, "");
|       static_assert(decltype(f(c))::value == 2, "");
|       static_assert(decltype(f(0))::value == 3, "");
|     }
| 
|   }
| 
|   namespace test_uniform_initialization
|   {
| 
|     struct test
|     {
|       static const int zero {};
|       static const int one {1};
|     };
| 
|     static_assert(test::zero == 0, "");
|     static_assert(test::one == 1, "");
| 
|   }
| 
|   namespace test_lambdas
|   {
| 
|     void
|     test1()
|     {
|       auto lambda1 = [](){};
|       auto lambda2 = lambda1;
|       lambda1();
|       lambda2();
|     }
| 
|     int
|     test2()
|     {
|       auto a = [](int i, int j){ return i + j; }(1, 2);
|       auto b = []() -> int { return '0'; }();
|       auto c = [=](){ return a + b; }();
|       auto d = [&](){ return c; }();
|       auto e = [a, &b](int x) mutable {
|         const auto identity = [](int y){ return y; };
|         for (auto i = 0; i < a; ++i)
|           a += b--;
|         return x + identity(a + b);
|       }(0);
|       return a + b + c + d + e;
|     }
| 
|     int
|     test3()
|     {
|       const auto nullary = [](){ return 0; };
|       const auto unary = [](int x){ return x; };
|       using nullary_t = decltype(nullary);
|       using unary_t = decltype(unary);
|       const auto higher1st = [](nullary_t f){ return f(); };
|       const auto higher2nd = [unary](nullary_t f1){
|         return [unary, f1](unary_t f2){ return f2(unary(f1())); };
|       };
|       return higher1st(nullary) + higher2nd(nullary)(unary);
|     }
| 
|   }
| 
|   namespace test_variadic_templates
|   {
| 
|     template <int...>
|     struct sum;
| 
|     template <int N0, int... N1toN>
|     struct sum<N0, N1toN...>
|     {
|       static constexpr auto value = N0 + sum<N1toN...>::value;
|     };
| 
|     template <>
|     struct sum<>
|     {
|       static constexpr auto value = 0;
|     };
| 
|     static_assert(sum<>::value == 0, "");
|     static_assert(sum<1>::value == 1, "");
|     static_assert(sum<23>::value == 23, "");
|     static_assert(sum<1, 2>::value == 3, "");
|     static_assert(sum<5, 5, 11>::value == 21, "");
|     static_assert(sum<2, 3, 5, 7, 11, 13>::value == 41, "");
| 
|   }
| 
|   // http://stackoverflow.com/questions/13728184/template-aliases-and-sfinae
|   // Clang 3.1 fails with headers of libstd++ 4.8.3 when using std::function
|   // because of this.
|   namespace test_template_alias_sfinae
|   {
| 
|     struct foo {};
| 
|     template<typename T>
|     using member = typename T::member_type;
| 
|     template<typename T>
|     void func(...) {}
| 
|     template<typename T>
|     void func(member<T>*) {}
| 
|     void test();
| 
|     void test() { func<foo>(0); }
| 
|   }
| 
| }  // namespace cxx11
| 
| #endif  // __cplusplus >= 201103L
| 
| 
| 
configure:4996: result: no
configure:5005: checking whether g++ supports C++11 features with -std=gnu++11
configure:5301: g++ -c -g -O2 -std=gnu++11  -I/work/eng/eliavb/include/gtest-1.7.0/include/ -I/work/eng/eliavb/include/Snap-2.3/snap-adv/ -I/work/eng/eliavb/include/Snap-2.3/snap-core/ -I/work/eng/eliavb/include/Snap-2.3/snap-exp/ -I/work/eng/eliavb/include/Snap-2.3/glib-core/ -I/work/eng/eliavb/protobuf_install/include/ conftest.cpp >&5
configure:5301: $? = 0
configure:5310: result: yes
configure:5670: checking how to run the C++ preprocessor
configure:5697: g++ -E  -I/work/eng/eliavb/include/gtest-1.7.0/include/ -I/work/eng/eliavb/include/Snap-2.3/snap-adv/ -I/work/eng/eliavb/include/Snap-2.3/snap-core/ -I/work/eng/eliavb/include/Snap-2.3/snap-exp/ -I/work/eng/eliavb/include/Snap-2.3/glib-core/ -I/work/eng/eliavb/protobuf_install/include/ conftest.cpp
configure:5697: $? = 0
configure:5711: g++ -E  -I/work/eng/eliavb/include/gtest-1.7.0/include/ -I/work/eng/eliavb/include/Snap-2.3/snap-adv/ -I/work/eng/eliavb/include/Snap-2.3/snap-core/ -I/work/eng/eliavb/include/Snap-2.3/snap-exp/ -I/work/eng/eliavb/include/Snap-2.3/glib-core/ -I/work/eng/eliavb/protobuf_install/include/ conftest.cpp
conftest.cpp:11:28: fatal error: ac_nonexistent.h: No such file or directory
 #include <ac_nonexistent.h>
                            ^
compilation terminated.
configure:5711: $? = 1
configure: failed program was:
| /* confdefs.h */
| #define PACKAGE_NAME "all_distance_sketch"
| #define PACKAGE_TARNAME "all_distance_sketch"
| #define PACKAGE_VERSION "0.1"
| #define PACKAGE_STRING "all_distance_sketch 0.1"
| #define PACKAGE_BUGREPORT "eliavbuh@gmail.com"
| #define PACKAGE_URL ""
| #define PACKAGE "all_distance_sketch"
| #define VERSION "0.1"
| /* end confdefs.h.  */
| #include <ac_nonexistent.h>
configure:5736: result: g++ -E
configure:5756: g++ -E  -I/work/eng/eliavb/include/gtest-1.7.0/include/ -I/work/eng/eliavb/include/Snap-2.3/snap-adv/ -I/work/eng/eliavb/include/Snap-2.3/snap-core/ -I/work/eng/eliavb/include/Snap-2.3/snap-exp/ -I/work/eng/eliavb/include/Snap-2.3/glib-core/ -I/work/eng/eliavb/protobuf_install/include/ conftest.cpp
configure:5756: $? = 0
configure:5770: g++ -E  -I/work/eng/eliavb/include/gtest-1.7.0/include/ -I/work/eng/eliavb/include/Snap-2.3/snap-adv/ -I/work/eng/eliavb/include/Snap-2.3/snap-core/ -I/work/eng/eliavb/include/Snap-2.3/snap-exp/ -I/work/eng/eliavb/include/Snap-2.3/glib-core/ -I/work/eng/eliavb/protobuf_install/include/ conftest.cpp
conftest.cpp:11:28: fatal error: ac_nonexistent.h: No such file or directory
 #include <ac_nonexistent.h>
                            ^
compilation terminated.
configure:5770: $? = 1
configure: failed program was:
| /* confdefs.h */
| #define PACKAGE_NAME "all_distance_sketch"
| #define PACKAGE_TARNAME "all_distance_sketch"
| #define PACKAGE_VERSION "0.1"
| #define PACKAGE_STRING "all_distance_sketch 0.1"
| #define PACKAGE_BUGREPORT "eliavbuh@gmail.com"
| #define PACKAGE_URL ""
| #define PACKAGE "all_distance_sketch"
| #define VERSION "0.1"
| /* end confdefs.h.  */
| #include <ac_nonexistent.h>
configure:5799: checking for grep that handles long lines and -e
configure:5857: result: /usr/bin/grep
configure:5862: checking for egrep
configure:5924: result: /usr/bin/grep -E
configure:5929: checking for ANSI C header files
configure:5949: g++ -c -g -O2 -std=gnu++11  -I/work/eng/eliavb/include/gtest-1.7.0/include/ -I/work/eng/eliavb/include/Snap-2.3/snap-adv/ -I/work/eng/eliavb/include/Snap-2.3/snap-core/ -I/work/eng/eliavb/include/Snap-2.3/snap-exp/ -I/work/eng/eliavb/include/Snap-2.3/glib-core/ -I/work/eng/eliavb/protobuf_install/include/ conftest.cpp >&5
configure:5949: $? = 0
configure:6022: g++ -o conftest -g -O2 -std=gnu++11  -I/work/eng/eliavb/include/gtest-1.7.0/include/ -I/work/eng/eliavb/include/Snap-2.3/snap-adv/ -I/work/eng/eliavb/include/Snap-2.3/snap-core/ -I/work/eng/eliavb/include/Snap-2.3/snap-exp/ -I/work/eng/eliavb/include/Snap-2.3/glib-core/ -I/work/eng/eliavb/protobuf_install/include/  -L/work/eng/eliavb/protobuf_install/lib conftest.cpp  /work/eng/eliavb/include/Snap-2.3/snap-core/Snap.o /work/eng/eliavb/bin/libgtest.a -lpthread >&5
configure:6022: $? = 0
configure:6022: ./conftest
configure:6022: $? = 0
configure:6033: result: yes
configure:6046: checking for sys/types.h
configure:6046: g++ -c -g -O2 -std=gnu++11  -I/work/eng/eliavb/include/gtest-1.7.0/include/ -I/work/eng/eliavb/include/Snap-2.3/snap-adv/ -I/work/eng/eliavb/include/Snap-2.3/snap-core/ -I/work/eng/eliavb/include/Snap-2.3/snap-exp/ -I/work/eng/eliavb/include/Snap-2.3/glib-core/ -I/work/eng/eliavb/protobuf_install/include/ conftest.cpp >&5
configure:6046: $? = 0
configure:6046: result: yes
configure:6046: checking for sys/stat.h
configure:6046: g++ -c -g -O2 -std=gnu++11  -I/work/eng/eliavb/include/gtest-1.7.0/include/ -I/work/eng/eliavb/include/Snap-2.3/snap-adv/ -I/work/eng/eliavb/include/Snap-2.3/snap-core/ -I/work/eng/eliavb/include/Snap-2.3/snap-exp/ -I/work/eng/eliavb/include/Snap-2.3/glib-core/ -I/work/eng/eliavb/protobuf_install/include/ conftest.cpp >&5
configure:6046: $? = 0
configure:6046: result: yes
configure:6046: checking for stdlib.h
configure:6046: g++ -c -g -O2 -std=gnu++11  -I/work/eng/eliavb/include/gtest-1.7.0/include/ -I/work/eng/eliavb/include/Snap-2.3/snap-adv/ -I/work/eng/eliavb/include/Snap-2.3/snap-core/ -I/work/eng/eliavb/include/Snap-2.3/snap-exp/ -I/work/eng/eliavb/include/Snap-2.3/glib-core/ -I/work/eng/eliavb/protobuf_install/include/ conftest.cpp >&5
configure:6046: $? = 0
configure:6046: result: yes
configure:6046: checking for string.h
configure:6046: g++ -c -g -O2 -std=gnu++11  -I/work/eng/eliavb/include/gtest-1.7.0/include/ -I/work/eng/eliavb/include/Snap-2.3/snap-adv/ -I/work/eng/eliavb/include/Snap-2.3/snap-core/ -I/work/eng/eliavb/include/Snap-2.3/snap-exp/ -I/work/eng/eliavb/include/Snap-2.3/glib-core/ -I/work/eng/eliavb/protobuf_install/include/ conftest.cpp >&5
configure:6046: $? = 0
configure:6046: result: yes
configure:6046: checking for memory.h
configure:6046: g++ -c -g -O2 -std=gnu++11  -I/work/eng/eliavb/include/gtest-1.7.0/include/ -I/work/eng/eliavb/include/Snap-2.3/snap-adv/ -I/work/eng/eliavb/include/Snap-2.3/snap-core/ -I/work/eng/eliavb/include/Snap-2.3/snap-exp/ -I/work/eng/eliavb/include/Snap-2.3/glib-core/ -I/work/eng/eliavb/protobuf_install/include/ conftest.cpp >&5
configure:6046: $? = 0
configure:6046: result: yes
configure:6046: checking for strings.h
configure:6046: g++ -c -g -O2 -std=gnu++11  -I/work/eng/eliavb/include/gtest-1.7.0/include/ -I/work/eng/eliavb/include/Snap-2.3/snap-adv/ -I/work/eng/eliavb/include/Snap-2.3/snap-core/ -I/work/eng/eliavb/include/Snap-2.3/snap-exp/ -I/work/eng/eliavb/include/Snap-2.3/glib-core/ -I/work/eng/eliavb/protobuf_install/include/ conftest.cpp >&5
configure:6046: $? = 0
configure:6046: result: yes
configure:6046: checking for inttypes.h
configure:6046: g++ -c -g -O2 -std=gnu++11  -I/work/eng/eliavb/include/gtest-1.7.0/include/ -I/work/eng/eliavb/include/Snap-2.3/snap-adv/ -I/work/eng/eliavb/include/Snap-2.3/snap-core/ -I/work/eng/eliavb/include/Snap-2.3/snap-exp/ -I/work/eng/eliavb/include/Snap-2.3/glib-core/ -I/work/eng/eliavb/protobuf_install/include/ conftest.cpp >&5
configure:6046: $? = 0
configure:6046: result: yes
configure:6046: checking for stdint.h
configure:6046: g++ -c -g -O2 -std=gnu++11  -I/work/eng/eliavb/include/gtest-1.7.0/include/ -I/work/eng/eliavb/include/Snap-2.3/snap-adv/ -I/work/eng/eliavb/include/Snap-2.3/snap-core/ -I/work/eng/eliavb/include/Snap-2.3/snap-exp/ -I/work/eng/eliavb/include/Snap-2.3/glib-core/ -I/work/eng/eliavb/protobuf_install/include/ conftest.cpp >&5
configure:6046: $? = 0
configure:6046: result: yes
configure:6046: checking for unistd.h
configure:6046: g++ -c -g -O2 -std=gnu++11  -I/work/eng/eliavb/include/gtest-1.7.0/include/ -I/work/eng/eliavb/include/Snap-2.3/snap-adv/ -I/work/eng/eliavb/include/Snap-2.3/snap-core/ -I/work/eng/eliavb/include/Snap-2.3/snap-exp/ -I/work/eng/eliavb/include/Snap-2.3/glib-core/ -I/work/eng/eliavb/protobuf_install/include/ conftest.cpp >&5
configure:6046: $? = 0
configure:6046: result: yes
configure:6061: checking limits.h, usability
configure:6061: g++ -c -g -O2 -std=gnu++11  -I/work/eng/eliavb/include/gtest-1.7.0/include/ -I/work/eng/eliavb/include/Snap-2.3/snap-adv/ -I/work/eng/eliavb/include/Snap-2.3/snap-core/ -I/work/eng/eliavb/include/Snap-2.3/snap-exp/ -I/work/eng/eliavb/include/Snap-2.3/glib-core/ -I/work/eng/eliavb/protobuf_install/include/ conftest.cpp >&5
conftest.cpp:54:21: fatal error: limits.h,: No such file or directory
 #include <limits.h,>
                     ^
compilation terminated.
configure:6061: $? = 1
configure: failed program was:
| /* confdefs.h */
| #define PACKAGE_NAME "all_distance_sketch"
| #define PACKAGE_TARNAME "all_distance_sketch"
| #define PACKAGE_VERSION "0.1"
| #define PACKAGE_STRING "all_distance_sketch 0.1"
| #define PACKAGE_BUGREPORT "eliavbuh@gmail.com"
| #define PACKAGE_URL ""
| #define PACKAGE "all_distance_sketch"
| #define VERSION "0.1"
| #define STDC_HEADERS 1
| #define HAVE_SYS_TYPES_H 1
| #define HAVE_SYS_STAT_H 1
| #define HAVE_STDLIB_H 1
| #define HAVE_STRING_H 1
| #define HAVE_MEMORY_H 1
| #define HAVE_STRINGS_H 1
| #define HAVE_INTTYPES_H 1
| #define HAVE_STDINT_H 1
| #define HAVE_UNISTD_H 1
| /* end confdefs.h.  */
| #include <stdio.h>
| #ifdef HAVE_SYS_TYPES_H
| # include <sys/types.h>
| #endif
| #ifdef HAVE_SYS_STAT_H
| # include <sys/stat.h>
| #endif
| #ifdef STDC_HEADERS
| # include <stdlib.h>
| # include <stddef.h>
| #else
| # ifdef HAVE_STDLIB_H
| #  include <stdlib.h>
| # endif
| #endif
| #ifdef HAVE_STRING_H
| # if !defined STDC_HEADERS && defined HAVE_MEMORY_H
| #  include <memory.h>
| # endif
| # include <string.h>
| #endif
| #ifdef HAVE_STRINGS_H
| # include <strings.h>
| #endif
| #ifdef HAVE_INTTYPES_H
| # include <inttypes.h>
| #endif
| #ifdef HAVE_STDINT_H
| # include <stdint.h>
| #endif
| #ifdef HAVE_UNISTD_H
| # include <unistd.h>
| #endif
| #include <limits.h,>
configure:6061: result: no
configure:6061: checking limits.h, presence
configure:6061: g++ -E  -I/work/eng/eliavb/include/gtest-1.7.0/include/ -I/work/eng/eliavb/include/Snap-2.3/snap-adv/ -I/work/eng/eliavb/include/Snap-2.3/snap-core/ -I/work/eng/eliavb/include/Snap-2.3/snap-exp/ -I/work/eng/eliavb/include/Snap-2.3/glib-core/ -I/work/eng/eliavb/protobuf_install/include/ conftest.cpp
conftest.cpp:21:21: fatal error: limits.h,: No such file or directory
 #include <limits.h,>
                     ^
compilation terminated.
configure:6061: $? = 1
configure: failed program was:
| /* confdefs.h */
| #define PACKAGE_NAME "all_distance_sketch"
| #define PACKAGE_TARNAME "all_distance_sketch"
| #define PACKAGE_VERSION "0.1"
| #define PACKAGE_STRING "all_distance_sketch 0.1"
| #define PACKAGE_BUGREPORT "eliavbuh@gmail.com"
| #define PACKAGE_URL ""
| #define PACKAGE "all_distance_sketch"
| #define VERSION "0.1"
| #define STDC_HEADERS 1
| #define HAVE_SYS_TYPES_H 1
| #define HAVE_SYS_STAT_H 1
| #define HAVE_STDLIB_H 1
| #define HAVE_STRING_H 1
| #define HAVE_MEMORY_H 1
| #define HAVE_STRINGS_H 1
| #define HAVE_INTTYPES_H 1
| #define HAVE_STDINT_H 1
| #define HAVE_UNISTD_H 1
| /* end confdefs.h.  */
| #include <limits.h,>
configure:6061: result: no
configure:6061: checking for limits.h,
configure:6061: result: no
configure:6061: checking gtest.h usability
configure:6061: g++ -c -g -O2 -std=gnu++11  -I/work/eng/eliavb/include/gtest-1.7.0/include/ -I/work/eng/eliavb/include/Snap-2.3/snap-adv/ -I/work/eng/eliavb/include/Snap-2.3/snap-core/ -I/work/eng/eliavb/include/Snap-2.3/snap-exp/ -I/work/eng/eliavb/include/Snap-2.3/glib-core/ -I/work/eng/eliavb/protobuf_install/include/ conftest.cpp >&5
conftest.cpp:54:19: fatal error: gtest.h: No such file or directory
 #include <gtest.h>
                   ^
compilation terminated.
configure:6061: $? = 1
configure: failed program was:
| /* confdefs.h */
| #define PACKAGE_NAME "all_distance_sketch"
| #define PACKAGE_TARNAME "all_distance_sketch"
| #define PACKAGE_VERSION "0.1"
| #define PACKAGE_STRING "all_distance_sketch 0.1"
| #define PACKAGE_BUGREPORT "eliavbuh@gmail.com"
| #define PACKAGE_URL ""
| #define PACKAGE "all_distance_sketch"
| #define VERSION "0.1"
| #define STDC_HEADERS 1
| #define HAVE_SYS_TYPES_H 1
| #define HAVE_SYS_STAT_H 1
| #define HAVE_STDLIB_H 1
| #define HAVE_STRING_H 1
| #define HAVE_MEMORY_H 1
| #define HAVE_STRINGS_H 1
| #define HAVE_INTTYPES_H 1
| #define HAVE_STDINT_H 1
| #define HAVE_UNISTD_H 1
| /* end confdefs.h.  */
| #include <stdio.h>
| #ifdef HAVE_SYS_TYPES_H
| # include <sys/types.h>
| #endif
| #ifdef HAVE_SYS_STAT_H
| # include <sys/stat.h>
| #endif
| #ifdef STDC_HEADERS
| # include <stdlib.h>
| # include <stddef.h>
| #else
| # ifdef HAVE_STDLIB_H
| #  include <stdlib.h>
| # endif
| #endif
| #ifdef HAVE_STRING_H
| # if !defined STDC_HEADERS && defined HAVE_MEMORY_H
| #  include <memory.h>
| # endif
| # include <string.h>
| #endif
| #ifdef HAVE_STRINGS_H
| # include <strings.h>
| #endif
| #ifdef HAVE_INTTYPES_H
| # include <inttypes.h>
| #endif
| #ifdef HAVE_STDINT_H
| # include <stdint.h>
| #endif
| #ifdef HAVE_UNISTD_H
| # include <unistd.h>
| #endif
| #include <gtest.h>
configure:6061: result: no
configure:6061: checking gtest.h presence
configure:6061: g++ -E  -I/work/eng/eliavb/include/gtest-1.7.0/include/ -I/work/eng/eliavb/include/Snap-2.3/snap-adv/ -I/work/eng/eliavb/include/Snap-2.3/snap-core/ -I/work/eng/eliavb/include/Snap-2.3/snap-exp/ -I/work/eng/eliavb/include/Snap-2.3/glib-core/ -I/work/eng/eliavb/protobuf_install/include/ conftest.cpp
conftest.cpp:21:19: fatal error: gtest.h: No such file or directory
 #include <gtest.h>
                   ^
compilation terminated.
configure:6061: $? = 1
configure: failed program was:
| /* confdefs.h */
| #define PACKAGE_NAME "all_distance_sketch"
| #define PACKAGE_TARNAME "all_distance_sketch"
| #define PACKAGE_VERSION "0.1"
| #define PACKAGE_STRING "all_distance_sketch 0.1"
| #define PACKAGE_BUGREPORT "eliavbuh@gmail.com"
| #define PACKAGE_URL ""
| #define PACKAGE "all_distance_sketch"
| #define VERSION "0.1"
| #define STDC_HEADERS 1
| #define HAVE_SYS_TYPES_H 1
| #define HAVE_SYS_STAT_H 1
| #define HAVE_STDLIB_H 1
| #define HAVE_STRING_H 1
| #define HAVE_MEMORY_H 1
| #define HAVE_STRINGS_H 1
| #define HAVE_INTTYPES_H 1
| #define HAVE_STDINT_H 1
| #define HAVE_UNISTD_H 1
| /* end confdefs.h.  */
| #include <gtest.h>
configure:6061: result: no
configure:6061: checking for gtest.h
configure:6061: result: no
configure:6073: checking for stdbool.h that conforms to C99
configure:6140: g++ -c -g -O2 -std=gnu++11  -I/work/eng/eliavb/include/gtest-1.7.0/include/ -I/work/eng/eliavb/include/Snap-2.3/snap-adv/ -I/work/eng/eliavb/include/Snap-2.3/snap-core/ -I/work/eng/eliavb/include/Snap-2.3/snap-exp/ -I/work/eng/eliavb/include/Snap-2.3/glib-core/ -I/work/eng/eliavb/protobuf_install/include/ conftest.cpp >&5
configure:6140: $? = 0
configure:6147: result: yes
configure:6149: checking for _Bool
configure:6149: g++ -c -g -O2 -std=gnu++11  -I/work/eng/eliavb/include/gtest-1.7.0/include/ -I/work/eng/eliavb/include/Snap-2.3/snap-adv/ -I/work/eng/eliavb/include/Snap-2.3/snap-core/ -I/work/eng/eliavb/include/Snap-2.3/snap-exp/ -I/work/eng/eliavb/include/Snap-2.3/glib-core/ -I/work/eng/eliavb/protobuf_install/include/ conftest.cpp >&5
conftest.cpp: In function 'int main()':
conftest.cpp:57:13: error: '_Bool' was not declared in this scope
 if (sizeof (_Bool))
             ^
configure:6149: $? = 1
configure: failed program was:
| /* confdefs.h */
| #define PACKAGE_NAME "all_distance_sketch"
| #define PACKAGE_TARNAME "all_distance_sketch"
| #define PACKAGE_VERSION "0.1"
| #define PACKAGE_STRING "all_distance_sketch 0.1"
| #define PACKAGE_BUGREPORT "eliavbuh@gmail.com"
| #define PACKAGE_URL ""
| #define PACKAGE "all_distance_sketch"
| #define VERSION "0.1"
| #define STDC_HEADERS 1
| #define HAVE_SYS_TYPES_H 1
| #define HAVE_SYS_STAT_H 1
| #define HAVE_STDLIB_H 1
| #define HAVE_STRING_H 1
| #define HAVE_MEMORY_H 1
| #define HAVE_STRINGS_H 1
| #define HAVE_INTTYPES_H 1
| #define HAVE_STDINT_H 1
| #define HAVE_UNISTD_H 1
| /* end confdefs.h.  */
| #include <stdio.h>
| #ifdef HAVE_SYS_TYPES_H
| # include <sys/types.h>
| #endif
| #ifdef HAVE_SYS_STAT_H
| # include <sys/stat.h>
| #endif
| #ifdef STDC_HEADERS
| # include <stdlib.h>
| # include <stddef.h>
| #else
| # ifdef HAVE_STDLIB_H
| #  include <stdlib.h>
| # endif
| #endif
| #ifdef HAVE_STRING_H
| # if !defined STDC_HEADERS && defined HAVE_MEMORY_H
| #  include <memory.h>
| # endif
| # include <string.h>
| #endif
| #ifdef HAVE_STRINGS_H
| # include <strings.h>
| #endif
| #ifdef HAVE_INTTYPES_H
| # include <inttypes.h>
| #endif
| #ifdef HAVE_STDINT_H
| # include <stdint.h>
| #endif
| #ifdef HAVE_UNISTD_H
| # include <unistd.h>
| #endif
| int
| main ()
| {
| if (sizeof (_Bool))
| 	 return 0;
|   ;
|   return 0;
| }
configure:6149: result: no
configure:6166: checking for inline
configure:6182: g++ -c -g -O2 -std=gnu++11  -I/work/eng/eliavb/include/gtest-1.7.0/include/ -I/work/eng/eliavb/include/Snap-2.3/snap-adv/ -I/work/eng/eliavb/include/Snap-2.3/snap-core/ -I/work/eng/eliavb/include/Snap-2.3/snap-exp/ -I/work/eng/eliavb/include/Snap-2.3/glib-core/ -I/work/eng/eliavb/protobuf_install/include/ conftest.cpp >&5
configure:6182: $? = 0
configure:6190: result: inline
configure:6208: checking for size_t
configure:6208: g++ -c -g -O2 -std=gnu++11  -I/work/eng/eliavb/include/gtest-1.7.0/include/ -I/work/eng/eliavb/include/Snap-2.3/snap-adv/ -I/work/eng/eliavb/include/Snap-2.3/snap-core/ -I/work/eng/eliavb/include/Snap-2.3/snap-exp/ -I/work/eng/eliavb/include/Snap-2.3/glib-core/ -I/work/eng/eliavb/protobuf_install/include/ conftest.cpp >&5
configure:6208: $? = 0
configure:6208: g++ -c -g -O2 -std=gnu++11  -I/work/eng/eliavb/include/gtest-1.7.0/include/ -I/work/eng/eliavb/include/Snap-2.3/snap-adv/ -I/work/eng/eliavb/include/Snap-2.3/snap-core/ -I/work/eng/eliavb/include/Snap-2.3/snap-exp/ -I/work/eng/eliavb/include/Snap-2.3/glib-core/ -I/work/eng/eliavb/protobuf_install/include/ conftest.cpp >&5
conftest.cpp: In function 'int main()':
conftest.cpp:58:20: error: expected primary-expression before ')' token
 if (sizeof ((size_t)))
                    ^
configure:6208: $? = 1
configure: failed program was:
| /* confdefs.h */
| #define PACKAGE_NAME "all_distance_sketch"
| #define PACKAGE_TARNAME "all_distance_sketch"
| #define PACKAGE_VERSION "0.1"
| #define PACKAGE_STRING "all_distance_sketch 0.1"
| #define PACKAGE_BUGREPORT "eliavbuh@gmail.com"
| #define PACKAGE_URL ""
| #define PACKAGE "all_distance_sketch"
| #define VERSION "0.1"
| #define STDC_HEADERS 1
| #define HAVE_SYS_TYPES_H 1
| #define HAVE_SYS_STAT_H 1
| #define HAVE_STDLIB_H 1
| #define HAVE_STRING_H 1
| #define HAVE_MEMORY_H 1
| #define HAVE_STRINGS_H 1
| #define HAVE_INTTYPES_H 1
| #define HAVE_STDINT_H 1
| #define HAVE_UNISTD_H 1
| #define HAVE_STDBOOL_H 1
| /* end confdefs.h.  */
| #include <stdio.h>
| #ifdef HAVE_SYS_TYPES_H
| # include <sys/types.h>
| #endif
| #ifdef HAVE_SYS_STAT_H
| # include <sys/stat.h>
| #endif
| #ifdef STDC_HEADERS
| # include <stdlib.h>
| # include <stddef.h>
| #else
| # ifdef HAVE_STDLIB_H
| #  include <stdlib.h>
| # endif
| #endif
| #ifdef HAVE_STRING_H
| # if !defined STDC_HEADERS && defined HAVE_MEMORY_H
| #  include <memory.h>
| # endif
| # include <string.h>
| #endif
| #ifdef HAVE_STRINGS_H
| # include <strings.h>
| #endif
| #ifdef HAVE_INTTYPES_H
| # include <inttypes.h>
| #endif
| #ifdef HAVE_STDINT_H
| # include <stdint.h>
| #endif
| #ifdef HAVE_UNISTD_H
| # include <unistd.h>
| #endif
| int
| main ()
| {
| if (sizeof ((size_t)))
| 	    return 0;
|   ;
|   return 0;
| }
configure:6208: result: yes
configure:6223: checking for gettimeofday
configure:6223: g++ -o conftest -g -O2 -std=gnu++11  -I/work/eng/eliavb/include/gtest-1.7.0/include/ -I/work/eng/eliavb/include/Snap-2.3/snap-adv/ -I/work/eng/eliavb/include/Snap-2.3/snap-core/ -I/work/eng/eliavb/include/Snap-2.3/snap-exp/ -I/work/eng/eliavb/include/Snap-2.3/glib-core/ -I/work/eng/eliavb/protobuf_install/include/  -L/work/eng/eliavb/protobuf_install/lib conftest.cpp  /work/eng/eliavb/include/Snap-2.3/snap-core/Snap.o /work/eng/eliavb/bin/libgtest.a -lpthread >&5
configure:6223: $? = 0
configure:6223: result: yes
configure:6281: checking for ranlib
configure:6297: found /usr/bin/ranlib
configure:6308: result: ranlib
configure:6379: checking for ar
configure:6395: found /usr/bin/ar
configure:6406: result: ar
configure:6432: checking the archiver (ar) interface
configure:6442: g++ -c -g -O2 -std=gnu++11  -I/work/eng/eliavb/include/gtest-1.7.0/include/ -I/work/eng/eliavb/include/Snap-2.3/snap-adv/ -I/work/eng/eliavb/include/Snap-2.3/snap-core/ -I/work/eng/eliavb/include/Snap-2.3/snap-exp/ -I/work/eng/eliavb/include/Snap-2.3/glib-core/ -I/work/eng/eliavb/protobuf_install/include/ conftest.cpp >&5
configure:6442: $? = 0
configure:6444: ar cru libconftest.a conftest.o >&5
configure:6447: $? = 0
configure:6470: result: ar
configure:6546: checking for pkg-config
configure:6564: found /usr/bin/pkg-config
configure:6576: result: /usr/bin/pkg-config
configure:6601: checking pkg-config is at least version 0.9.0
configure:6604: result: yes
configure:6614: checking for PROTOBUF
configure:6621: $PKG_CONFIG --exists --print-errors "protobuf >= 2.6.0"
configure:6624: $? = 0
configure:6638: $PKG_CONFIG --exists --print-errors "protobuf >= 2.6.0"
configure:6641: $? = 0
configure:6699: result: yes
configure:6709: checking for protoc
configure:6736: result:  /work/eng/eliavb/protobuf_install/bin/protoc
configure:6956: checking that generated files are newer than configure
configure:6962: result: done
configure:6985: creating ./config.status

## ---------------------- ##
## Running config.status. ##
## ---------------------- ##

This file was extended by all_distance_sketch config.status 0.1, which was
generated by GNU Autoconf 2.69.  Invocation command line was

  CONFIG_FILES    = 
  CONFIG_HEADERS  = 
  CONFIG_LINKS    = 
  CONFIG_COMMANDS = 
  $ ./config.status 

on rd08.it.qwilt.com

config.status:790: creating Makefile
config.status:790: creating src/Makefile
config.status:962: executing depfiles commands

## ---------------- ##
## Cache variables. ##
## ---------------- ##

ac_cv_c_inline=inline
ac_cv_cxx_compiler_gnu=yes
ac_cv_env_CCC_set=
ac_cv_env_CCC_value=
ac_cv_env_CPPFLAGS_set=
ac_cv_env_CPPFLAGS_value=
ac_cv_env_CXXCPP_set=
ac_cv_env_CXXCPP_value=
ac_cv_env_CXXFLAGS_set=
ac_cv_env_CXXFLAGS_value=
ac_cv_env_CXX_set=
ac_cv_env_CXX_value=
ac_cv_env_LDFLAGS_set=
ac_cv_env_LDFLAGS_value=
ac_cv_env_LIBS_set=
ac_cv_env_LIBS_value=
ac_cv_env_PKG_CONFIG_LIBDIR_set=
ac_cv_env_PKG_CONFIG_LIBDIR_value=
ac_cv_env_PKG_CONFIG_PATH_set=set
ac_cv_env_PKG_CONFIG_PATH_value=/work/eng/eliavb/protobuf_install/lib/pkgconfig/
ac_cv_env_PKG_CONFIG_set=
ac_cv_env_PKG_CONFIG_value=
ac_cv_env_PROTOBUF_CFLAGS_set=
ac_cv_env_PROTOBUF_CFLAGS_value=
ac_cv_env_PROTOBUF_LIBS_set=
ac_cv_env_PROTOBUF_LIBS_value=
ac_cv_env_build_alias_set=
ac_cv_env_build_alias_value=
ac_cv_env_host_alias_set=
ac_cv_env_host_alias_value=
ac_cv_env_target_alias_set=
ac_cv_env_target_alias_value=
ac_cv_func_gettimeofday=yes
ac_cv_header_gtest_h=no
ac_cv_header_inttypes_h=yes
ac_cv_header_limits_h_=no
ac_cv_header_memory_h=yes
ac_cv_header_stdbool_h=yes
ac_cv_header_stdc=yes
ac_cv_header_stdint_h=yes
ac_cv_header_stdlib_h=yes
ac_cv_header_string_h=yes
ac_cv_header_strings_h=yes
ac_cv_header_sys_stat_h=yes
ac_cv_header_sys_types_h=yes
ac_cv_header_unistd_h=yes
ac_cv_objext=o
ac_cv_path_EGREP='/usr/bin/grep -E'
ac_cv_path_GREP=/usr/bin/grep
ac_cv_path_ac_pt_PKG_CONFIG=/usr/bin/pkg-config
ac_cv_path_install='/usr/bin/install -c'
ac_cv_path_mkdir=/usr/bin/mkdir
ac_cv_prog_AWK=gawk
ac_cv_prog_CXXCPP='g++ -E'
ac_cv_prog_PROTOC=' /work/eng/eliavb/protobuf_install/bin/protoc'
ac_cv_prog_ac_ct_AR=ar
ac_cv_prog_ac_ct_CXX=g++
ac_cv_prog_ac_ct_RANLIB=ranlib
ac_cv_prog_cxx_g=yes
ac_cv_prog_make_make_set=yes
ac_cv_type__Bool=no
ac_cv_type_size_t=yes
am_cv_CXX_dependencies_compiler_type=gcc3
am_cv_ar_interface=ar
am_cv_make_support_nested_variables=yes
ax_cv_cxx_compile_cxx11=no
ax_cv_cxx_compile_cxx11__std_gnupp11=yes
pkg_cv_PROTOBUF_CFLAGS='-pthread -I/work/eng/eliavb/protobuf_install/include  '
pkg_cv_PROTOBUF_LIBS='-pthread -L/work/eng/eliavb/protobuf_install/lib -lprotobuf -lpthread  '

## ----------------- ##
## Output variables. ##
## ----------------- ##

ACLOCAL='${SHELL} /work/eng/eliavb/all_distance_sketch/missing aclocal-1.13'
AMDEPBACKSLASH='\'
AMDEP_FALSE='#'
AMDEP_TRUE=''
AMTAR='$${TAR-tar}'
AM_BACKSLASH='\'
AM_DEFAULT_V='$(AM_DEFAULT_VERBOSITY)'
AM_DEFAULT_VERBOSITY='1'
AM_V='$(V)'
AR='ar'
AUTOCONF='${SHELL} /work/eng/eliavb/all_distance_sketch/missing autoconf'
AUTOHEADER='${SHELL} /work/eng/eliavb/all_distance_sketch/missing autoheader'
AUTOMAKE='${SHELL} /work/eng/eliavb/all_distance_sketch/missing automake-1.13'
AWK='gawk'
CPPFLAGS=' -I/work/eng/eliavb/include/gtest-1.7.0/include/ -I/work/eng/eliavb/include/Snap-2.3/snap-adv/ -I/work/eng/eliavb/include/Snap-2.3/snap-core/ -I/work/eng/eliavb/include/Snap-2.3/snap-exp/ -I/work/eng/eliavb/include/Snap-2.3/glib-core/ -I/work/eng/eliavb/protobuf_install/include/'
CXX='g++'
CXXCPP='g++ -E'
CXXDEPMODE='depmode=gcc3'
CXXFLAGS='-g -O2 -std=gnu++11'
CYGPATH_W='echo'
DEFS='-DPACKAGE_NAME=\"all_distance_sketch\" -DPACKAGE_TARNAME=\"all_distance_sketch\" -DPACKAGE_VERSION=\"0.1\" -DPACKAGE_STRING=\"all_distance_sketch\ 0.1\" -DPACKAGE_BUGREPORT=\"eliavbuh@gmail.com\" -DPACKAGE_URL=\"\" -DPACKAGE=\"all_distance_sketch\" -DVERSION=\"0.1\" -DSTDC_HEADERS=1 -DHAVE_SYS_TYPES_H=1 -DHAVE_SYS_STAT_H=1 -DHAVE_STDLIB_H=1 -DHAVE_STRING_H=1 -DHAVE_MEMORY_H=1 -DHAVE_STRINGS_H=1 -DHAVE_INTTYPES_H=1 -DHAVE_STDINT_H=1 -DHAVE_UNISTD_H=1 -DHAVE_STDBOOL_H=1 -DHAVE_GETTIMEOFDAY=1'
DEPDIR='.deps'
ECHO_C=''
ECHO_N='-n'
ECHO_T=''
EGREP='/usr/bin/grep -E'
EXEEXT=''
GREP='/usr/bin/grep'
HAVE_CXX11=''
INSTALL_DATA='${INSTALL} -m 644'
INSTALL_PROGRAM='${INSTALL}'
INSTALL_SCRIPT='${INSTALL}'
INSTALL_STRIP_PROGRAM='$(install_sh) -c -s'
LDFLAGS=' -L/work/eng/eliavb/protobuf_install/lib'
LIBOBJS=''
LIBS=' /work/eng/eliavb/include/Snap-2.3/snap-core/Snap.o /work/eng/eliavb/bin/libgtest.a -lpthread'
LTLIBOBJS=''
MAKEINFO='${SHELL} /work/eng/eliavb/all_distance_sketch/missing makeinfo'
MKDIR_P='/usr/bin/mkdir -p'
OBJEXT='o'
PACKAGE='all_distance_sketch'
PACKAGE_BUGREPORT='eliavbuh@gmail.com'
PACKAGE_NAME='all_distance_sketch'
PACKAGE_STRING='all_distance_sketch 0.1'
PACKAGE_TARNAME='all_distance_sketch'
PACKAGE_URL=''
PACKAGE_VERSION='0.1'
PATH_SEPARATOR=':'
PKG_CONFIG='/usr/bin/pkg-config'
PKG_CONFIG_LIBDIR=''
PKG_CONFIG_PATH='/work/eng/eliavb/protobuf_install/lib/pkgconfig/'
PROTOBUF_CFLAGS='-pthread -I/work/eng/eliavb/protobuf_install/include  '
PROTOBUF_LIBS='-pthread -L/work/eng/eliavb/protobuf_install/lib -lprotobuf -lpthread  '
PROTOBUF_VERSION=''
PROTOC=' /work/eng/eliavb/protobuf_install/bin/protoc'
RANLIB='ranlib'
SET_MAKE=''
SHELL='/bin/sh'
STRIP=''
VERSION='0.1'
ac_ct_AR='ar'
ac_ct_CXX='g++'
am__EXEEXT_FALSE=''
am__EXEEXT_TRUE='#'
am__fastdepCXX_FALSE='#'
am__fastdepCXX_TRUE=''
am__include='include'
am__isrc=''
am__leading_dot='.'
am__nodep='_no'
am__quote=''
am__tar='$${TAR-tar} chof - "$$tardir"'
am__untar='$${TAR-tar} xf -'
bindir='${exec_prefix}/bin'
build_alias=''
datadir='${datarootdir}'
datarootdir='${prefix}/share'
docdir='${datarootdir}/doc/${PACKAGE_TARNAME}'
dvidir='${docdir}'
exec_prefix='${prefix}'
host_alias=''
htmldir='${docdir}'
includedir='${prefix}/include'
infodir='${datarootdir}/info'
install_sh='${SHELL} /work/eng/eliavb/all_distance_sketch/install-sh'
libdir='${exec_prefix}/lib'
libexecdir='${exec_prefix}/libexec'
localedir='${datarootdir}/locale'
localstatedir='${prefix}/var'
mandir='${datarootdir}/man'
mkdir_p='$(MKDIR_P)'
oldincludedir='/usr/include'
pdfdir='${docdir}'
prefix='/work/eng/eliavb/install'
program_transform_name='s,x,x,'
psdir='${docdir}'
sbindir='${exec_prefix}/sbin'
sharedstatedir='${prefix}/com'
sysconfdir='${prefix}/etc'
target_alias=''

## ----------- ##
## confdefs.h. ##
## ----------- ##

/* confdefs.h */
#define PACKAGE_NAME "all_distance_sketch"
#define PACKAGE_TARNAME "all_distance_sketch"
#define PACKAGE_VERSION "0.1"
#define PACKAGE_STRING "all_distance_sketch 0.1"
#define PACKAGE_BUGREPORT "eliavbuh@gmail.com"
#define PACKAGE_URL ""
#define PACKAGE "all_distance_sketch"
#define VERSION "0.1"
#define STDC_HEADERS 1
#define HAVE_SYS_TYPES_H 1
#define HAVE_SYS_STAT_H 1
#define HAVE_STDLIB_H 1
#define HAVE_STRING_H 1
#define HAVE_MEMORY_H 1
#define HAVE_STRINGS_H 1
#define HAVE_INTTYPES_H 1
#define HAVE_STDINT_H 1
#define HAVE_UNISTD_H 1
#define HAVE_STDBOOL_H 1
#define HAVE_GETTIMEOFDAY 1

configure: exit 0
